{"C:\\Users\\Dell\\Desktop\\SewaSawari(FYP)\\Backend\\controller\\auth\\adminController.js": {"path":"C:\\Users\\Dell\\Desktop\\SewaSawari(FYP)\\Backend\\controller\\auth\\adminController.js","statementMap":{"0":{"start":{"line":1,"column":18},"end":{"line":1,"column":38}},"1":{"start":{"line":2,"column":26},"end":{"line":2,"column":48}},"2":{"start":{"line":3,"column":26},"end":{"line":3,"column":69}},"3":{"start":{"line":6,"column":0},"end":{"line":21,"column":2}},"4":{"start":{"line":7,"column":4},"end":{"line":20,"column":5}},"5":{"start":{"line":8,"column":25},"end":{"line":15,"column":10}},"6":{"start":{"line":17,"column":8},"end":{"line":17,"column":27}},"7":{"start":{"line":19,"column":8},"end":{"line":19,"column":89}},"8":{"start":{"line":24,"column":0},"end":{"line":46,"column":2}},"9":{"start":{"line":25,"column":4},"end":{"line":45,"column":5}},"10":{"start":{"line":26,"column":23},"end":{"line":26,"column":33}},"11":{"start":{"line":28,"column":22},"end":{"line":28,"column":47}},"12":{"start":{"line":29,"column":8},"end":{"line":31,"column":9}},"13":{"start":{"line":30,"column":12},"end":{"line":30,"column":70}},"14":{"start":{"line":33,"column":21},"end":{"line":33,"column":55}},"15":{"start":{"line":34,"column":8},"end":{"line":36,"column":9}},"16":{"start":{"line":35,"column":12},"end":{"line":35,"column":80}},"17":{"start":{"line":38,"column":8},"end":{"line":38,"column":29}},"18":{"start":{"line":39,"column":8},"end":{"line":39,"column":30}},"19":{"start":{"line":41,"column":8},"end":{"line":41,"column":74}},"20":{"start":{"line":43,"column":28},"end":{"line":43,"column":104}},"21":{"start":{"line":44,"column":8},"end":{"line":44,"column":89}},"22":{"start":{"line":49,"column":0},"end":{"line":74,"column":2}},"23":{"start":{"line":50,"column":4},"end":{"line":73,"column":5}},"24":{"start":{"line":51,"column":23},"end":{"line":51,"column":33}},"25":{"start":{"line":53,"column":22},"end":{"line":53,"column":47}},"26":{"start":{"line":54,"column":8},"end":{"line":56,"column":9}},"27":{"start":{"line":55,"column":12},"end":{"line":55,"column":70}},"28":{"start":{"line":58,"column":8},"end":{"line":58,"column":35}},"29":{"start":{"line":59,"column":8},"end":{"line":59,"column":27}},"30":{"start":{"line":61,"column":21},"end":{"line":61,"column":55}},"31":{"start":{"line":63,"column":8},"end":{"line":67,"column":11}},"32":{"start":{"line":69,"column":8},"end":{"line":69,"column":68}},"33":{"start":{"line":71,"column":28},"end":{"line":71,"column":104}},"34":{"start":{"line":72,"column":8},"end":{"line":72,"column":89}},"35":{"start":{"line":77,"column":0},"end":{"line":96,"column":2}},"36":{"start":{"line":78,"column":4},"end":{"line":95,"column":5}},"37":{"start":{"line":79,"column":23},"end":{"line":79,"column":33}},"38":{"start":{"line":81,"column":22},"end":{"line":85,"column":10}},"39":{"start":{"line":87,"column":8},"end":{"line":89,"column":9}},"40":{"start":{"line":88,"column":12},"end":{"line":88,"column":70}},"41":{"start":{"line":91,"column":8},"end":{"line":91,"column":24}},"42":{"start":{"line":93,"column":28},"end":{"line":93,"column":127}},"43":{"start":{"line":94,"column":8},"end":{"line":94,"column":89}},"44":{"start":{"line":105,"column":85},"end":{"line":105,"column":40208}},"45":{"start":{"line":105,"column":89},"end":{"line":105,"column":40197}}},"fnMap":{"0":{"name":"(anonymous_0)","decl":{"start":{"line":6,"column":19},"end":{"line":6,"column":20}},"loc":{"start":{"line":6,"column":39},"end":{"line":21,"column":1}},"line":6},"1":{"name":"(anonymous_1)","decl":{"start":{"line":24,"column":22},"end":{"line":24,"column":23}},"loc":{"start":{"line":24,"column":42},"end":{"line":46,"column":1}},"line":24},"2":{"name":"(anonymous_2)","decl":{"start":{"line":49,"column":22},"end":{"line":49,"column":23}},"loc":{"start":{"line":49,"column":42},"end":{"line":74,"column":1}},"line":49},"3":{"name":"(anonymous_3)","decl":{"start":{"line":77,"column":23},"end":{"line":77,"column":24}},"loc":{"start":{"line":77,"column":43},"end":{"line":96,"column":1}},"line":77},"4":{"name":"oo_cm","decl":{"start":{"line":105,"column":77},"end":{"line":105,"column":82}},"loc":{"start":{"line":105,"column":84},"end":{"line":105,"column":40209}},"line":105}},"branchMap":{"0":{"loc":{"start":{"line":29,"column":8},"end":{"line":31,"column":9}},"type":"if","locations":[{"start":{"line":29,"column":8},"end":{"line":31,"column":9}},{"start":{},"end":{}}],"line":29},"1":{"loc":{"start":{"line":34,"column":8},"end":{"line":36,"column":9}},"type":"if","locations":[{"start":{"line":34,"column":8},"end":{"line":36,"column":9}},{"start":{},"end":{}}],"line":34},"2":{"loc":{"start":{"line":54,"column":8},"end":{"line":56,"column":9}},"type":"if","locations":[{"start":{"line":54,"column":8},"end":{"line":56,"column":9}},{"start":{},"end":{}}],"line":54},"3":{"loc":{"start":{"line":87,"column":8},"end":{"line":89,"column":9}},"type":"if","locations":[{"start":{"line":87,"column":8},"end":{"line":89,"column":9}},{"start":{},"end":{}}],"line":87},"4":{"loc":{"start":{"line":105,"column":96},"end":{"line":105,"column":40196}},"type":"binary-expr","locations":[{"start":{"line":105,"column":96},"end":{"line":105,"column":133}},{"start":{"line":105,"column":137},"end":{"line":105,"column":40196}}],"line":105}},"s":{"0":1,"1":1,"2":1,"3":1,"4":0,"5":0,"6":0,"7":0,"8":1,"9":0,"10":0,"11":0,"12":0,"13":0,"14":0,"15":0,"16":0,"17":0,"18":0,"19":0,"20":0,"21":0,"22":1,"23":0,"24":0,"25":0,"26":0,"27":0,"28":0,"29":0,"30":0,"31":0,"32":0,"33":0,"34":0,"35":1,"36":0,"37":0,"38":0,"39":0,"40":0,"41":0,"42":0,"43":0,"44":0,"45":0},"f":{"0":0,"1":0,"2":0,"3":0,"4":0},"b":{"0":[0,0],"1":[0,0],"2":[0,0],"3":[0,0],"4":[0,0]},"_coverageSchema":"1a1c01bbd47fc00a2c39e90264f33305004495a9","hash":"c05f0d1e5eb831c56c8ea14286977bde4e8e24a6"}
,"C:\\Users\\Dell\\Desktop\\SewaSawari(FYP)\\Backend\\controller\\auth\\authController.js": {"path":"C:\\Users\\Dell\\Desktop\\SewaSawari(FYP)\\Backend\\controller\\auth\\authController.js","statementMap":{"0":{"start":{"line":1,"column":32},"end":{"line":1,"column":54}},"1":{"start":{"line":2,"column":15},"end":{"line":2,"column":32}},"2":{"start":{"line":3,"column":12},"end":{"line":3,"column":35}},"3":{"start":{"line":4,"column":17},"end":{"line":4,"column":52}},"4":{"start":{"line":6,"column":0},"end":{"line":78,"column":2}},"5":{"start":{"line":17,"column":6},"end":{"line":17,"column":14}},"6":{"start":{"line":19,"column":2},"end":{"line":77,"column":3}},"7":{"start":{"line":20,"column":4},"end":{"line":22,"column":5}},"8":{"start":{"line":21,"column":6},"end":{"line":21,"column":80}},"9":{"start":{"line":24,"column":23},"end":{"line":24,"column":59}},"10":{"start":{"line":25,"column":4},"end":{"line":27,"column":5}},"11":{"start":{"line":26,"column":6},"end":{"line":26,"column":73}},"12":{"start":{"line":29,"column":25},"end":{"line":29,"column":66}},"13":{"start":{"line":30,"column":4},"end":{"line":32,"column":5}},"14":{"start":{"line":31,"column":6},"end":{"line":31,"column":76}},"15":{"start":{"line":34,"column":27},"end":{"line":34,"column":58}},"16":{"start":{"line":35,"column":17},"end":{"line":41,"column":6}},"17":{"start":{"line":43,"column":4},"end":{"line":61,"column":5}},"18":{"start":{"line":44,"column":6},"end":{"line":48,"column":7}},"19":{"start":{"line":45,"column":8},"end":{"line":47,"column":11}},"20":{"start":{"line":50,"column":6},"end":{"line":58,"column":9}},"21":{"start":{"line":60,"column":6},"end":{"line":60,"column":87}},"22":{"start":{"line":63,"column":25},"end":{"line":63,"column":64}},"23":{"start":{"line":64,"column":4},"end":{"line":69,"column":7}},"24":{"start":{"line":71,"column":4},"end":{"line":71,"column":96}},"25":{"start":{"line":72,"column":4},"end":{"line":72,"column":104}},"26":{"start":{"line":75,"column":24},"end":{"line":75,"column":109}},"27":{"start":{"line":76,"column":4},"end":{"line":76,"column":94}},"28":{"start":{"line":81,"column":0},"end":{"line":111,"column":2}},"29":{"start":{"line":82,"column":30},"end":{"line":82,"column":38}},"30":{"start":{"line":83,"column":2},"end":{"line":110,"column":3}},"31":{"start":{"line":84,"column":4},"end":{"line":86,"column":5}},"32":{"start":{"line":85,"column":6},"end":{"line":85,"column":83}},"33":{"start":{"line":88,"column":17},"end":{"line":88,"column":58}},"34":{"start":{"line":89,"column":4},"end":{"line":91,"column":5}},"35":{"start":{"line":90,"column":6},"end":{"line":90,"column":87}},"36":{"start":{"line":93,"column":4},"end":{"line":98,"column":5}},"37":{"start":{"line":94,"column":24},"end":{"line":94,"column":76}},"38":{"start":{"line":95,"column":6},"end":{"line":97,"column":7}},"39":{"start":{"line":96,"column":8},"end":{"line":96,"column":72}},"40":{"start":{"line":100,"column":30},"end":{"line":100,"column":75}},"41":{"start":{"line":101,"column":4},"end":{"line":103,"column":5}},"42":{"start":{"line":102,"column":6},"end":{"line":102,"column":68}},"43":{"start":{"line":105,"column":18},"end":{"line":105,"column":105}},"44":{"start":{"line":106,"column":4},"end":{"line":106,"column":77}},"45":{"start":{"line":108,"column":24},"end":{"line":108,"column":98}},"46":{"start":{"line":109,"column":4},"end":{"line":109,"column":80}},"47":{"start":{"line":113,"column":0},"end":{"line":138,"column":2}},"48":{"start":{"line":114,"column":2},"end":{"line":137,"column":3}},"49":{"start":{"line":115,"column":20},"end":{"line":115,"column":28}},"50":{"start":{"line":117,"column":24},"end":{"line":117,"column":83}},"51":{"start":{"line":118,"column":4},"end":{"line":120,"column":5}},"52":{"start":{"line":119,"column":6},"end":{"line":119,"column":67}},"53":{"start":{"line":122,"column":20},"end":{"line":122,"column":84}},"54":{"start":{"line":123,"column":4},"end":{"line":125,"column":5}},"55":{"start":{"line":124,"column":6},"end":{"line":124,"column":63}},"56":{"start":{"line":127,"column":25},"end":{"line":127,"column":62}},"57":{"start":{"line":128,"column":4},"end":{"line":130,"column":5}},"58":{"start":{"line":129,"column":6},"end":{"line":129,"column":63}},"59":{"start":{"line":132,"column":4},"end":{"line":132,"column":43}},"60":{"start":{"line":133,"column":4},"end":{"line":133,"column":75}},"61":{"start":{"line":135,"column":24},"end":{"line":135,"column":111}},"62":{"start":{"line":136,"column":4},"end":{"line":136,"column":71}},"63":{"start":{"line":145,"column":85},"end":{"line":145,"column":40208}},"64":{"start":{"line":145,"column":89},"end":{"line":145,"column":40197}}},"fnMap":{"0":{"name":"(anonymous_0)","decl":{"start":{"line":6,"column":23},"end":{"line":6,"column":24}},"loc":{"start":{"line":6,"column":43},"end":{"line":78,"column":1}},"line":6},"1":{"name":"(anonymous_1)","decl":{"start":{"line":81,"column":20},"end":{"line":81,"column":21}},"loc":{"start":{"line":81,"column":40},"end":{"line":111,"column":1}},"line":81},"2":{"name":"(anonymous_2)","decl":{"start":{"line":113,"column":20},"end":{"line":113,"column":21}},"loc":{"start":{"line":113,"column":40},"end":{"line":138,"column":1}},"line":113},"3":{"name":"oo_cm","decl":{"start":{"line":145,"column":77},"end":{"line":145,"column":82}},"loc":{"start":{"line":145,"column":84},"end":{"line":145,"column":40209}},"line":145}},"branchMap":{"0":{"loc":{"start":{"line":20,"column":4},"end":{"line":22,"column":5}},"type":"if","locations":[{"start":{"line":20,"column":4},"end":{"line":22,"column":5}},{"start":{},"end":{}}],"line":20},"1":{"loc":{"start":{"line":20,"column":8},"end":{"line":20,"column":58}},"type":"binary-expr","locations":[{"start":{"line":20,"column":8},"end":{"line":20,"column":18}},{"start":{"line":20,"column":22},"end":{"line":20,"column":28}},{"start":{"line":20,"column":32},"end":{"line":20,"column":45}},{"start":{"line":20,"column":49},"end":{"line":20,"column":58}}],"line":20},"2":{"loc":{"start":{"line":25,"column":4},"end":{"line":27,"column":5}},"type":"if","locations":[{"start":{"line":25,"column":4},"end":{"line":27,"column":5}},{"start":{},"end":{}}],"line":25},"3":{"loc":{"start":{"line":25,"column":8},"end":{"line":25,"column":42}},"type":"binary-expr","locations":[{"start":{"line":25,"column":8},"end":{"line":25,"column":12}},{"start":{"line":25,"column":16},"end":{"line":25,"column":42}}],"line":25},"4":{"loc":{"start":{"line":30,"column":4},"end":{"line":32,"column":5}},"type":"if","locations":[{"start":{"line":30,"column":4},"end":{"line":32,"column":5}},{"start":{},"end":{}}],"line":30},"5":{"loc":{"start":{"line":40,"column":12},"end":{"line":40,"column":28}},"type":"binary-expr","locations":[{"start":{"line":40,"column":12},"end":{"line":40,"column":16}},{"start":{"line":40,"column":20},"end":{"line":40,"column":28}}],"line":40},"6":{"loc":{"start":{"line":43,"column":4},"end":{"line":61,"column":5}},"type":"if","locations":[{"start":{"line":43,"column":4},"end":{"line":61,"column":5}},{"start":{},"end":{}}],"line":43},"7":{"loc":{"start":{"line":44,"column":6},"end":{"line":48,"column":7}},"type":"if","locations":[{"start":{"line":44,"column":6},"end":{"line":48,"column":7}},{"start":{},"end":{}}],"line":44},"8":{"loc":{"start":{"line":44,"column":10},"end":{"line":44,"column":98}},"type":"binary-expr","locations":[{"start":{"line":44,"column":10},"end":{"line":44,"column":24}},{"start":{"line":44,"column":28},"end":{"line":44,"column":40}},{"start":{"line":44,"column":44},"end":{"line":44,"column":53}},{"start":{"line":44,"column":57},"end":{"line":44,"column":75}},{"start":{"line":44,"column":79},"end":{"line":44,"column":98}}],"line":44},"9":{"loc":{"start":{"line":55,"column":25},"end":{"line":55,"column":48}},"type":"binary-expr","locations":[{"start":{"line":55,"column":25},"end":{"line":55,"column":40}},{"start":{"line":55,"column":44},"end":{"line":55,"column":48}}],"line":55},"10":{"loc":{"start":{"line":84,"column":4},"end":{"line":86,"column":5}},"type":"if","locations":[{"start":{"line":84,"column":4},"end":{"line":86,"column":5}},{"start":{},"end":{}}],"line":84},"11":{"loc":{"start":{"line":84,"column":8},"end":{"line":84,"column":27}},"type":"binary-expr","locations":[{"start":{"line":84,"column":8},"end":{"line":84,"column":14}},{"start":{"line":84,"column":18},"end":{"line":84,"column":27}}],"line":84},"12":{"loc":{"start":{"line":89,"column":4},"end":{"line":91,"column":5}},"type":"if","locations":[{"start":{"line":89,"column":4},"end":{"line":91,"column":5}},{"start":{},"end":{}}],"line":89},"13":{"loc":{"start":{"line":93,"column":4},"end":{"line":98,"column":5}},"type":"if","locations":[{"start":{"line":93,"column":4},"end":{"line":98,"column":5}},{"start":{},"end":{}}],"line":93},"14":{"loc":{"start":{"line":95,"column":6},"end":{"line":97,"column":7}},"type":"if","locations":[{"start":{"line":95,"column":6},"end":{"line":97,"column":7}},{"start":{},"end":{}}],"line":95},"15":{"loc":{"start":{"line":95,"column":10},"end":{"line":95,"column":47}},"type":"binary-expr","locations":[{"start":{"line":95,"column":10},"end":{"line":95,"column":19}},{"start":{"line":95,"column":23},"end":{"line":95,"column":47}}],"line":95},"16":{"loc":{"start":{"line":101,"column":4},"end":{"line":103,"column":5}},"type":"if","locations":[{"start":{"line":101,"column":4},"end":{"line":103,"column":5}},{"start":{},"end":{}}],"line":101},"17":{"loc":{"start":{"line":118,"column":4},"end":{"line":120,"column":5}},"type":"if","locations":[{"start":{"line":118,"column":4},"end":{"line":120,"column":5}},{"start":{},"end":{}}],"line":118},"18":{"loc":{"start":{"line":123,"column":4},"end":{"line":125,"column":5}},"type":"if","locations":[{"start":{"line":123,"column":4},"end":{"line":125,"column":5}},{"start":{},"end":{}}],"line":123},"19":{"loc":{"start":{"line":128,"column":4},"end":{"line":130,"column":5}},"type":"if","locations":[{"start":{"line":128,"column":4},"end":{"line":130,"column":5}},{"start":{},"end":{}}],"line":128},"20":{"loc":{"start":{"line":145,"column":96},"end":{"line":145,"column":40196}},"type":"binary-expr","locations":[{"start":{"line":145,"column":96},"end":{"line":145,"column":133}},{"start":{"line":145,"column":137},"end":{"line":145,"column":40196}}],"line":145}},"s":{"0":2,"1":2,"2":2,"3":2,"4":2,"5":1,"6":1,"7":1,"8":1,"9":0,"10":0,"11":0,"12":0,"13":0,"14":0,"15":0,"16":0,"17":0,"18":0,"19":0,"20":0,"21":0,"22":0,"23":0,"24":0,"25":0,"26":0,"27":0,"28":2,"29":0,"30":0,"31":0,"32":0,"33":0,"34":0,"35":0,"36":0,"37":0,"38":0,"39":0,"40":0,"41":0,"42":0,"43":0,"44":0,"45":0,"46":0,"47":2,"48":0,"49":0,"50":0,"51":0,"52":0,"53":0,"54":0,"55":0,"56":0,"57":0,"58":0,"59":0,"60":0,"61":0,"62":0,"63":0,"64":0},"f":{"0":1,"1":0,"2":0,"3":0},"b":{"0":[1,0],"1":[1,0,0,0],"2":[0,0],"3":[0,0],"4":[0,0],"5":[0,0],"6":[0,0],"7":[0,0],"8":[0,0,0,0,0],"9":[0,0],"10":[0,0],"11":[0,0],"12":[0,0],"13":[0,0],"14":[0,0],"15":[0,0],"16":[0,0],"17":[0,0],"18":[0,0],"19":[0,0],"20":[0,0]},"_coverageSchema":"1a1c01bbd47fc00a2c39e90264f33305004495a9","hash":"65a4b5997ab36a460775e5bf56034578351ce11d"}
,"C:\\Users\\Dell\\Desktop\\SewaSawari(FYP)\\Backend\\controller\\auth\\mapController.js": {"path":"C:\\Users\\Dell\\Desktop\\SewaSawari(FYP)\\Backend\\controller\\auth\\mapController.js","statementMap":{"0":{"start":{"line":1,"column":36},"end":{"line":1,"column":58}},"1":{"start":{"line":3,"column":14},"end":{"line":3,"column":48}},"2":{"start":{"line":3,"column":25},"end":{"line":3,"column":48}},"3":{"start":{"line":5,"column":34},"end":{"line":17,"column":1}},"4":{"start":{"line":6,"column":12},"end":{"line":6,"column":16}},"5":{"start":{"line":7,"column":15},"end":{"line":7,"column":33}},"6":{"start":{"line":8,"column":15},"end":{"line":8,"column":33}},"7":{"start":{"line":10,"column":4},"end":{"line":14,"column":24}},"8":{"start":{"line":15,"column":12},"end":{"line":15,"column":58}},"9":{"start":{"line":16,"column":2},"end":{"line":16,"column":15}},"10":{"start":{"line":19,"column":0},"end":{"line":115,"column":2}},"11":{"start":{"line":20,"column":2},"end":{"line":114,"column":3}},"12":{"start":{"line":21,"column":36},"end":{"line":21,"column":44}},"13":{"start":{"line":23,"column":4},"end":{"line":28,"column":5}},"14":{"start":{"line":24,"column":6},"end":{"line":27,"column":9}},"15":{"start":{"line":30,"column":22},"end":{"line":56,"column":6}},"16":{"start":{"line":58,"column":25},"end":{"line":102,"column":8}},"17":{"start":{"line":60,"column":8},"end":{"line":68,"column":9}},"18":{"start":{"line":61,"column":27},"end":{"line":66,"column":11}},"19":{"start":{"line":67,"column":10},"end":{"line":67,"column":32}},"20":{"start":{"line":69,"column":8},"end":{"line":69,"column":21}},"21":{"start":{"line":73,"column":29},"end":{"line":73,"column":54}},"22":{"start":{"line":75,"column":8},"end":{"line":101,"column":10}},"23":{"start":{"line":89,"column":51},"end":{"line":100,"column":11}},"24":{"start":{"line":104,"column":4},"end":{"line":107,"column":7}},"25":{"start":{"line":109,"column":24},"end":{"line":109,"column":117}},"26":{"start":{"line":110,"column":4},"end":{"line":113,"column":7}},"27":{"start":{"line":124,"column":85},"end":{"line":124,"column":40208}},"28":{"start":{"line":124,"column":89},"end":{"line":124,"column":40197}}},"fnMap":{"0":{"name":"(anonymous_0)","decl":{"start":{"line":3,"column":14},"end":{"line":3,"column":15}},"loc":{"start":{"line":3,"column":25},"end":{"line":3,"column":48}},"line":3},"1":{"name":"(anonymous_1)","decl":{"start":{"line":5,"column":34},"end":{"line":5,"column":35}},"loc":{"start":{"line":5,"column":62},"end":{"line":17,"column":1}},"line":5},"2":{"name":"(anonymous_2)","decl":{"start":{"line":19,"column":31},"end":{"line":19,"column":32}},"loc":{"start":{"line":19,"column":51},"end":{"line":115,"column":1}},"line":19},"3":{"name":"(anonymous_3)","decl":{"start":{"line":59,"column":14},"end":{"line":59,"column":15}},"loc":{"start":{"line":59,"column":25},"end":{"line":70,"column":7}},"line":59},"4":{"name":"(anonymous_4)","decl":{"start":{"line":71,"column":11},"end":{"line":71,"column":12}},"loc":{"start":{"line":71,"column":22},"end":{"line":102,"column":7}},"line":71},"5":{"name":"(anonymous_5)","decl":{"start":{"line":89,"column":37},"end":{"line":89,"column":38}},"loc":{"start":{"line":89,"column":51},"end":{"line":100,"column":11}},"line":89},"6":{"name":"oo_cm","decl":{"start":{"line":124,"column":77},"end":{"line":124,"column":82}},"loc":{"start":{"line":124,"column":84},"end":{"line":124,"column":40209}},"line":124}},"branchMap":{"0":{"loc":{"start":{"line":23,"column":4},"end":{"line":28,"column":5}},"type":"if","locations":[{"start":{"line":23,"column":4},"end":{"line":28,"column":5}},{"start":{},"end":{}}],"line":23},"1":{"loc":{"start":{"line":23,"column":8},"end":{"line":23,"column":31}},"type":"binary-expr","locations":[{"start":{"line":23,"column":8},"end":{"line":23,"column":17}},{"start":{"line":23,"column":21},"end":{"line":23,"column":31}}],"line":23},"2":{"loc":{"start":{"line":60,"column":8},"end":{"line":68,"column":9}},"type":"if","locations":[{"start":{"line":60,"column":8},"end":{"line":68,"column":9}},{"start":{},"end":{}}],"line":60},"3":{"loc":{"start":{"line":60,"column":12},"end":{"line":60,"column":45}},"type":"binary-expr","locations":[{"start":{"line":60,"column":12},"end":{"line":60,"column":26}},{"start":{"line":60,"column":30},"end":{"line":60,"column":45}}],"line":60},"4":{"loc":{"start":{"line":73,"column":29},"end":{"line":73,"column":54}},"type":"binary-expr","locations":[{"start":{"line":73,"column":29},"end":{"line":73,"column":48}},{"start":{"line":73,"column":52},"end":{"line":73,"column":54}}],"line":73},"5":{"loc":{"start":{"line":124,"column":96},"end":{"line":124,"column":40196}},"type":"binary-expr","locations":[{"start":{"line":124,"column":96},"end":{"line":124,"column":133}},{"start":{"line":124,"column":137},"end":{"line":124,"column":40196}}],"line":124}},"s":{"0":1,"1":1,"2":0,"3":1,"4":0,"5":0,"6":0,"7":0,"8":0,"9":0,"10":1,"11":0,"12":0,"13":0,"14":0,"15":0,"16":0,"17":0,"18":0,"19":0,"20":0,"21":0,"22":0,"23":0,"24":0,"25":0,"26":0,"27":0,"28":0},"f":{"0":0,"1":0,"2":0,"3":0,"4":0,"5":0,"6":0},"b":{"0":[0,0],"1":[0,0],"2":[0,0],"3":[0,0],"4":[0,0],"5":[0,0]},"_coverageSchema":"1a1c01bbd47fc00a2c39e90264f33305004495a9","hash":"120889aa0a5374bd94e2c1a8a93b00c43031f596"}
,"C:\\Users\\Dell\\Desktop\\SewaSawari(FYP)\\Backend\\controller\\vehicle\\ownerController.js": {"path":"C:\\Users\\Dell\\Desktop\\SewaSawari(FYP)\\Backend\\controller\\vehicle\\ownerController.js","statementMap":{"0":{"start":{"line":1,"column":11},"end":{"line":1,"column":24}},"1":{"start":{"line":2,"column":45},"end":{"line":2,"column":67}},"2":{"start":{"line":3,"column":27},"end":{"line":3,"column":43}},"3":{"start":{"line":4,"column":11},"end":{"line":4,"column":33}},"4":{"start":{"line":6,"column":0},"end":{"line":59,"column":2}},"5":{"start":{"line":7,"column":4},"end":{"line":58,"column":5}},"6":{"start":{"line":20,"column":12},"end":{"line":20,"column":20}},"7":{"start":{"line":23,"column":25},"end":{"line":23,"column":60}},"8":{"start":{"line":25,"column":28},"end":{"line":25,"column":109}},"9":{"start":{"line":28,"column":8},"end":{"line":30,"column":9}},"10":{"start":{"line":29,"column":12},"end":{"line":29,"column":81}},"11":{"start":{"line":33,"column":28},"end":{"line":33,"column":79}},"12":{"start":{"line":34,"column":8},"end":{"line":36,"column":9}},"13":{"start":{"line":35,"column":12},"end":{"line":35,"column":73}},"14":{"start":{"line":39,"column":27},"end":{"line":51,"column":10}},"15":{"start":{"line":54,"column":8},"end":{"line":54,"column":94}},"16":{"start":{"line":56,"column":28},"end":{"line":56,"column":111}},"17":{"start":{"line":57,"column":8},"end":{"line":57,"column":67}},"18":{"start":{"line":62,"column":0},"end":{"line":80,"column":1}},"19":{"start":{"line":63,"column":4},"end":{"line":79,"column":5}},"20":{"start":{"line":66,"column":28},"end":{"line":70,"column":10}},"21":{"start":{"line":73,"column":28},"end":{"line":73,"column":89}},"22":{"start":{"line":75,"column":8},"end":{"line":75,"column":101}},"23":{"start":{"line":77,"column":28},"end":{"line":77,"column":114}},"24":{"start":{"line":78,"column":8},"end":{"line":78,"column":67}},"25":{"start":{"line":83,"column":0},"end":{"line":111,"column":4}},"26":{"start":{"line":84,"column":4},"end":{"line":110,"column":5}},"27":{"start":{"line":85,"column":21},"end":{"line":85,"column":31}},"28":{"start":{"line":88,"column":29},"end":{"line":94,"column":8}},"29":{"start":{"line":97,"column":6},"end":{"line":99,"column":7}},"30":{"start":{"line":98,"column":8},"end":{"line":98,"column":70}},"31":{"start":{"line":102,"column":6},"end":{"line":102,"column":50}},"32":{"start":{"line":106,"column":26},"end":{"line":106,"column":86}},"33":{"start":{"line":109,"column":6},"end":{"line":109,"column":94}},"34":{"start":{"line":113,"column":2},"end":{"line":156,"column":3}},"35":{"start":{"line":115,"column":4},"end":{"line":155,"column":7}},"36":{"start":{"line":116,"column":35},"end":{"line":116,"column":43}},"37":{"start":{"line":118,"column":8},"end":{"line":122,"column":9}},"38":{"start":{"line":119,"column":10},"end":{"line":121,"column":13}},"39":{"start":{"line":124,"column":21},"end":{"line":130,"column":9}},"40":{"start":{"line":132,"column":25},"end":{"line":140,"column":9}},"41":{"start":{"line":143,"column":28},"end":{"line":143,"column":93}},"42":{"start":{"line":145,"column":8},"end":{"line":145,"column":51}},"43":{"start":{"line":148,"column":28},"end":{"line":148,"column":117}},"44":{"start":{"line":151,"column":8},"end":{"line":154,"column":11}},"45":{"start":{"line":161,"column":0},"end":{"line":196,"column":4}},"46":{"start":{"line":162,"column":116},"end":{"line":162,"column":124}},"47":{"start":{"line":165,"column":21},"end":{"line":165,"column":94}},"48":{"start":{"line":167,"column":24},"end":{"line":167,"column":54}},"49":{"start":{"line":169,"column":4},"end":{"line":195,"column":5}},"50":{"start":{"line":171,"column":22},"end":{"line":183,"column":8}},"51":{"start":{"line":185,"column":6},"end":{"line":188,"column":9}},"52":{"start":{"line":190,"column":26},"end":{"line":190,"column":86}},"53":{"start":{"line":191,"column":6},"end":{"line":194,"column":9}},"54":{"start":{"line":198,"column":2},"end":{"line":234,"column":4}},"55":{"start":{"line":199,"column":4},"end":{"line":233,"column":5}},"56":{"start":{"line":200,"column":25},"end":{"line":200,"column":35}},"57":{"start":{"line":202,"column":26},"end":{"line":202,"column":87}},"58":{"start":{"line":204,"column":29},"end":{"line":212,"column":8}},"59":{"start":{"line":214,"column":6},"end":{"line":219,"column":7}},"60":{"start":{"line":215,"column":8},"end":{"line":218,"column":11}},"61":{"start":{"line":221,"column":6},"end":{"line":225,"column":9}},"62":{"start":{"line":227,"column":26},"end":{"line":227,"column":116}},"63":{"start":{"line":228,"column":6},"end":{"line":232,"column":9}},"64":{"start":{"line":241,"column":85},"end":{"line":241,"column":40208}},"65":{"start":{"line":241,"column":89},"end":{"line":241,"column":40197}}},"fnMap":{"0":{"name":"(anonymous_0)","decl":{"start":{"line":6,"column":21},"end":{"line":6,"column":22}},"loc":{"start":{"line":6,"column":41},"end":{"line":59,"column":1}},"line":6},"1":{"name":"(anonymous_1)","decl":{"start":{"line":62,"column":22},"end":{"line":62,"column":23}},"loc":{"start":{"line":62,"column":42},"end":{"line":80,"column":1}},"line":62},"2":{"name":"(anonymous_2)","decl":{"start":{"line":83,"column":28},"end":{"line":83,"column":29}},"loc":{"start":{"line":83,"column":48},"end":{"line":111,"column":3}},"line":83},"3":{"name":"(anonymous_3)","decl":{"start":{"line":113,"column":28},"end":{"line":113,"column":29}},"loc":{"start":{"line":114,"column":2},"end":{"line":156,"column":3}},"line":114},"4":{"name":"(anonymous_4)","decl":{"start":{"line":161,"column":25},"end":{"line":161,"column":26}},"loc":{"start":{"line":161,"column":45},"end":{"line":196,"column":3}},"line":161},"5":{"name":"(anonymous_5)","decl":{"start":{"line":198,"column":32},"end":{"line":198,"column":33}},"loc":{"start":{"line":198,"column":52},"end":{"line":234,"column":3}},"line":198},"6":{"name":"oo_cm","decl":{"start":{"line":241,"column":77},"end":{"line":241,"column":82}},"loc":{"start":{"line":241,"column":84},"end":{"line":241,"column":40209}},"line":241}},"branchMap":{"0":{"loc":{"start":{"line":23,"column":25},"end":{"line":23,"column":60}},"type":"cond-expr","locations":[{"start":{"line":23,"column":36},"end":{"line":23,"column":53}},{"start":{"line":23,"column":56},"end":{"line":23,"column":60}}],"line":23},"1":{"loc":{"start":{"line":28,"column":8},"end":{"line":30,"column":9}},"type":"if","locations":[{"start":{"line":28,"column":8},"end":{"line":30,"column":9}},{"start":{},"end":{}}],"line":28},"2":{"loc":{"start":{"line":28,"column":12},"end":{"line":28,"column":136}},"type":"binary-expr","locations":[{"start":{"line":28,"column":12},"end":{"line":28,"column":17}},{"start":{"line":28,"column":21},"end":{"line":28,"column":26}},{"start":{"line":28,"column":30},"end":{"line":28,"column":36}},{"start":{"line":28,"column":40},"end":{"line":28,"column":49}},{"start":{"line":28,"column":53},"end":{"line":28,"column":65}},{"start":{"line":28,"column":69},"end":{"line":28,"column":81}},{"start":{"line":28,"column":85},"end":{"line":28,"column":93}},{"start":{"line":28,"column":97},"end":{"line":28,"column":106}},{"start":{"line":28,"column":110},"end":{"line":28,"column":123}},{"start":{"line":28,"column":127},"end":{"line":28,"column":136}}],"line":28},"3":{"loc":{"start":{"line":34,"column":8},"end":{"line":36,"column":9}},"type":"if","locations":[{"start":{"line":34,"column":8},"end":{"line":36,"column":9}},{"start":{},"end":{}}],"line":34},"4":{"loc":{"start":{"line":97,"column":6},"end":{"line":99,"column":7}},"type":"if","locations":[{"start":{"line":97,"column":6},"end":{"line":99,"column":7}},{"start":{},"end":{}}],"line":97},"5":{"loc":{"start":{"line":118,"column":8},"end":{"line":122,"column":9}},"type":"if","locations":[{"start":{"line":118,"column":8},"end":{"line":122,"column":9}},{"start":{},"end":{}}],"line":118},"6":{"loc":{"start":{"line":118,"column":12},"end":{"line":118,"column":31}},"type":"binary-expr","locations":[{"start":{"line":118,"column":12},"end":{"line":118,"column":20}},{"start":{"line":118,"column":24},"end":{"line":118,"column":31}}],"line":118},"7":{"loc":{"start":{"line":151,"column":26},"end":{"line":151,"column":55}},"type":"binary-expr","locations":[{"start":{"line":151,"column":26},"end":{"line":151,"column":48}},{"start":{"line":151,"column":52},"end":{"line":151,"column":55}}],"line":151},"8":{"loc":{"start":{"line":153,"column":17},"end":{"line":153,"column":54}},"type":"binary-expr","locations":[{"start":{"line":153,"column":17},"end":{"line":153,"column":37}},{"start":{"line":153,"column":41},"end":{"line":153,"column":54}}],"line":153},"9":{"loc":{"start":{"line":214,"column":6},"end":{"line":219,"column":7}},"type":"if","locations":[{"start":{"line":214,"column":6},"end":{"line":219,"column":7}},{"start":{},"end":{}}],"line":214},"10":{"loc":{"start":{"line":241,"column":96},"end":{"line":241,"column":40196}},"type":"binary-expr","locations":[{"start":{"line":241,"column":96},"end":{"line":241,"column":133}},{"start":{"line":241,"column":137},"end":{"line":241,"column":40196}}],"line":241}},"s":{"0":2,"1":2,"2":2,"3":2,"4":2,"5":0,"6":0,"7":0,"8":0,"9":0,"10":0,"11":0,"12":0,"13":0,"14":0,"15":0,"16":0,"17":0,"18":2,"19":0,"20":0,"21":0,"22":0,"23":0,"24":0,"25":2,"26":0,"27":0,"28":0,"29":0,"30":0,"31":0,"32":0,"33":0,"34":2,"35":0,"36":0,"37":0,"38":0,"39":0,"40":0,"41":0,"42":0,"43":0,"44":0,"45":2,"46":0,"47":0,"48":0,"49":0,"50":0,"51":0,"52":0,"53":0,"54":2,"55":0,"56":0,"57":0,"58":0,"59":0,"60":0,"61":0,"62":0,"63":0,"64":0,"65":0},"f":{"0":0,"1":0,"2":0,"3":0,"4":0,"5":0,"6":0},"b":{"0":[0,0],"1":[0,0],"2":[0,0,0,0,0,0,0,0,0,0],"3":[0,0],"4":[0,0],"5":[0,0],"6":[0,0],"7":[0,0],"8":[0,0],"9":[0,0],"10":[0,0]},"_coverageSchema":"1a1c01bbd47fc00a2c39e90264f33305004495a9","hash":"4962d6714258d715aa443fc13b3acd924f089541"}
,"C:\\Users\\Dell\\Desktop\\SewaSawari(FYP)\\Backend\\services\\sendEmail.js": {"path":"C:\\Users\\Dell\\Desktop\\SewaSawari(FYP)\\Backend\\services\\sendEmail.js","statementMap":{"0":{"start":{"line":1,"column":19},"end":{"line":1,"column":40}},"1":{"start":{"line":3,"column":18},"end":{"line":21,"column":1}},"2":{"start":{"line":4,"column":21},"end":{"line":11,"column":5}},"3":{"start":{"line":13,"column":23},"end":{"line":18,"column":4}},"4":{"start":{"line":20,"column":3},"end":{"line":20,"column":43}},"5":{"start":{"line":23,"column":0},"end":{"line":23,"column":27}}},"fnMap":{"0":{"name":"(anonymous_0)","decl":{"start":{"line":3,"column":18},"end":{"line":3,"column":19}},"loc":{"start":{"line":3,"column":37},"end":{"line":21,"column":1}},"line":3}},"branchMap":{},"s":{"0":1,"1":1,"2":0,"3":0,"4":0,"5":1},"f":{"0":0},"b":{},"_coverageSchema":"1a1c01bbd47fc00a2c39e90264f33305004495a9","hash":"166f7db4485b11619c3da5e788afba3fae9f087d"}
,"C:\\Users\\Dell\\Desktop\\SewaSawari(FYP)\\Backend\\services\\verificationEmail.js": {"path":"C:\\Users\\Dell\\Desktop\\SewaSawari(FYP)\\Backend\\services\\verificationEmail.js","statementMap":{"0":{"start":{"line":1,"column":19},"end":{"line":1,"column":40}},"1":{"start":{"line":3,"column":30},"end":{"line":23,"column":1}},"2":{"start":{"line":4,"column":21},"end":{"line":13,"column":5}},"3":{"start":{"line":15,"column":23},"end":{"line":20,"column":4}},"4":{"start":{"line":22,"column":3},"end":{"line":22,"column":43}},"5":{"start":{"line":25,"column":0},"end":{"line":25,"column":39}}},"fnMap":{"0":{"name":"(anonymous_0)","decl":{"start":{"line":3,"column":30},"end":{"line":3,"column":31}},"loc":{"start":{"line":3,"column":49},"end":{"line":23,"column":1}},"line":3}},"branchMap":{},"s":{"0":1,"1":1,"2":0,"3":0,"4":0,"5":1},"f":{"0":0},"b":{},"_coverageSchema":"1a1c01bbd47fc00a2c39e90264f33305004495a9","hash":"7762635fa93c702be4f3dcb2e28fc3956efb26be"}
}
