TN:
SF:controller\auth\adminController.js
FN:6,(anonymous_0)
FN:24,(anonymous_1)
FN:49,(anonymous_2)
FN:77,(anonymous_3)
FN:105,oo_cm
FNF:5
FNH:0
FNDA:0,(anonymous_0)
FNDA:0,(anonymous_1)
FNDA:0,(anonymous_2)
FNDA:0,(anonymous_3)
FNDA:0,oo_cm
DA:1,1
DA:2,1
DA:3,1
DA:6,1
DA:7,0
DA:8,0
DA:17,0
DA:19,0
DA:24,1
DA:25,0
DA:26,0
DA:28,0
DA:29,0
DA:30,0
DA:33,0
DA:34,0
DA:35,0
DA:38,0
DA:39,0
DA:41,0
DA:43,0
DA:44,0
DA:49,1
DA:50,0
DA:51,0
DA:53,0
DA:54,0
DA:55,0
DA:58,0
DA:59,0
DA:61,0
DA:63,0
DA:69,0
DA:71,0
DA:72,0
DA:77,1
DA:78,0
DA:79,0
DA:81,0
DA:87,0
DA:88,0
DA:91,0
DA:93,0
DA:94,0
DA:105,0
LF:45
LH:7
BRDA:29,0,0,0
BRDA:29,0,1,0
BRDA:34,1,0,0
BRDA:34,1,1,0
BRDA:54,2,0,0
BRDA:54,2,1,0
BRDA:87,3,0,0
BRDA:87,3,1,0
BRDA:105,4,0,0
BRDA:105,4,1,0
BRF:10
BRH:0
end_of_record
TN:
SF:controller\auth\authController.js
FN:6,(anonymous_0)
FN:81,(anonymous_1)
FN:113,(anonymous_2)
FN:145,oo_cm
FNF:4
FNH:1
FNDA:1,(anonymous_0)
FNDA:0,(anonymous_1)
FNDA:0,(anonymous_2)
FNDA:0,oo_cm
DA:1,2
DA:2,2
DA:3,2
DA:4,2
DA:6,2
DA:17,1
DA:19,1
DA:20,1
DA:21,1
DA:24,0
DA:25,0
DA:26,0
DA:29,0
DA:30,0
DA:31,0
DA:34,0
DA:35,0
DA:43,0
DA:44,0
DA:45,0
DA:50,0
DA:60,0
DA:63,0
DA:64,0
DA:71,0
DA:72,0
DA:75,0
DA:76,0
DA:81,2
DA:82,0
DA:83,0
DA:84,0
DA:85,0
DA:88,0
DA:89,0
DA:90,0
DA:93,0
DA:94,0
DA:95,0
DA:96,0
DA:100,0
DA:101,0
DA:102,0
DA:105,0
DA:106,0
DA:108,0
DA:109,0
DA:113,2
DA:114,0
DA:115,0
DA:117,0
DA:118,0
DA:119,0
DA:122,0
DA:123,0
DA:124,0
DA:127,0
DA:128,0
DA:129,0
DA:132,0
DA:133,0
DA:135,0
DA:136,0
DA:145,0
LF:64
LH:11
BRDA:20,0,0,1
BRDA:20,0,1,0
BRDA:20,1,0,1
BRDA:20,1,1,0
BRDA:20,1,2,0
BRDA:20,1,3,0
BRDA:25,2,0,0
BRDA:25,2,1,0
BRDA:25,3,0,0
BRDA:25,3,1,0
BRDA:30,4,0,0
BRDA:30,4,1,0
BRDA:40,5,0,0
BRDA:40,5,1,0
BRDA:43,6,0,0
BRDA:43,6,1,0
BRDA:44,7,0,0
BRDA:44,7,1,0
BRDA:44,8,0,0
BRDA:44,8,1,0
BRDA:44,8,2,0
BRDA:44,8,3,0
BRDA:44,8,4,0
BRDA:55,9,0,0
BRDA:55,9,1,0
BRDA:84,10,0,0
BRDA:84,10,1,0
BRDA:84,11,0,0
BRDA:84,11,1,0
BRDA:89,12,0,0
BRDA:89,12,1,0
BRDA:93,13,0,0
BRDA:93,13,1,0
BRDA:95,14,0,0
BRDA:95,14,1,0
BRDA:95,15,0,0
BRDA:95,15,1,0
BRDA:101,16,0,0
BRDA:101,16,1,0
BRDA:118,17,0,0
BRDA:118,17,1,0
BRDA:123,18,0,0
BRDA:123,18,1,0
BRDA:128,19,0,0
BRDA:128,19,1,0
BRDA:145,20,0,0
BRDA:145,20,1,0
BRF:47
BRH:2
end_of_record
TN:
SF:controller\auth\mapController.js
FN:3,(anonymous_0)
FN:5,(anonymous_1)
FN:19,(anonymous_2)
FN:59,(anonymous_3)
FN:71,(anonymous_4)
FN:89,(anonymous_5)
FN:124,oo_cm
FNF:7
FNH:0
FNDA:0,(anonymous_0)
FNDA:0,(anonymous_1)
FNDA:0,(anonymous_2)
FNDA:0,(anonymous_3)
FNDA:0,(anonymous_4)
FNDA:0,(anonymous_5)
FNDA:0,oo_cm
DA:1,1
DA:3,1
DA:5,1
DA:6,0
DA:7,0
DA:8,0
DA:10,0
DA:15,0
DA:16,0
DA:19,1
DA:20,0
DA:21,0
DA:23,0
DA:24,0
DA:30,0
DA:58,0
DA:60,0
DA:61,0
DA:67,0
DA:69,0
DA:73,0
DA:75,0
DA:89,0
DA:104,0
DA:109,0
DA:110,0
DA:124,0
LF:27
LH:4
BRDA:23,0,0,0
BRDA:23,0,1,0
BRDA:23,1,0,0
BRDA:23,1,1,0
BRDA:60,2,0,0
BRDA:60,2,1,0
BRDA:60,3,0,0
BRDA:60,3,1,0
BRDA:73,4,0,0
BRDA:73,4,1,0
BRDA:124,5,0,0
BRDA:124,5,1,0
BRF:12
BRH:0
end_of_record
TN:
SF:controller\vehicle\ownerController.js
FN:6,(anonymous_0)
FN:62,(anonymous_1)
FN:83,(anonymous_2)
FN:113,(anonymous_3)
FN:161,(anonymous_4)
FN:198,(anonymous_5)
FN:241,oo_cm
FNF:7
FNH:0
FNDA:0,(anonymous_0)
FNDA:0,(anonymous_1)
FNDA:0,(anonymous_2)
FNDA:0,(anonymous_3)
FNDA:0,(anonymous_4)
FNDA:0,(anonymous_5)
FNDA:0,oo_cm
DA:1,2
DA:2,2
DA:3,2
DA:4,2
DA:6,2
DA:7,0
DA:20,0
DA:23,0
DA:25,0
DA:28,0
DA:29,0
DA:33,0
DA:34,0
DA:35,0
DA:39,0
DA:54,0
DA:56,0
DA:57,0
DA:62,2
DA:63,0
DA:66,0
DA:73,0
DA:75,0
DA:77,0
DA:78,0
DA:83,2
DA:84,0
DA:85,0
DA:88,0
DA:97,0
DA:98,0
DA:102,0
DA:106,0
DA:109,0
DA:113,2
DA:115,0
DA:116,0
DA:118,0
DA:119,0
DA:124,0
DA:132,0
DA:143,0
DA:145,0
DA:148,0
DA:151,0
DA:161,2
DA:162,0
DA:165,0
DA:167,0
DA:169,0
DA:171,0
DA:185,0
DA:190,0
DA:191,0
DA:198,2
DA:199,0
DA:200,0
DA:202,0
DA:204,0
DA:214,0
DA:215,0
DA:221,0
DA:227,0
DA:228,0
DA:241,0
LF:65
LH:10
BRDA:23,0,0,0
BRDA:23,0,1,0
BRDA:28,1,0,0
BRDA:28,1,1,0
BRDA:28,2,0,0
BRDA:28,2,1,0
BRDA:28,2,2,0
BRDA:28,2,3,0
BRDA:28,2,4,0
BRDA:28,2,5,0
BRDA:28,2,6,0
BRDA:28,2,7,0
BRDA:28,2,8,0
BRDA:28,2,9,0
BRDA:34,3,0,0
BRDA:34,3,1,0
BRDA:97,4,0,0
BRDA:97,4,1,0
BRDA:118,5,0,0
BRDA:118,5,1,0
BRDA:118,6,0,0
BRDA:118,6,1,0
BRDA:151,7,0,0
BRDA:151,7,1,0
BRDA:153,8,0,0
BRDA:153,8,1,0
BRDA:214,9,0,0
BRDA:214,9,1,0
BRDA:241,10,0,0
BRDA:241,10,1,0
BRF:30
BRH:0
end_of_record
TN:
SF:services\sendEmail.js
FN:3,(anonymous_0)
FNF:1
FNH:0
FNDA:0,(anonymous_0)
DA:1,1
DA:3,1
DA:4,0
DA:13,0
DA:20,0
DA:23,1
LF:6
LH:3
BRF:0
BRH:0
end_of_record
TN:
SF:services\verificationEmail.js
FN:3,(anonymous_0)
FNF:1
FNH:0
FNDA:0,(anonymous_0)
DA:1,1
DA:3,1
DA:4,0
DA:15,0
DA:22,0
DA:25,1
LF:6
LH:3
BRF:0
BRH:0
end_of_record
